<?xml version="1.0" encoding="UTF-8"?>
<testsuite name="com.denofprogramming.controller.UserRepositoryTest" tests="1" skipped="0" failures="0" errors="0" timestamp="2023-06-12T14:34:50" hostname="DESKTOP-PBVI1F4" time="0.315">
  <properties/>
  <testcase name="readStudentTest" classname="com.denofprogramming.controller.UserRepositoryTest" time="0.315"/>
  <system-out><![CDATA[]]></system-out>
  <system-err><![CDATA[Jun 12, 2023 8:04:50 PM org.springframework.test.context.TestContextManager retrieveTestExecutionListeners
INFO: Could not instantiate TestExecutionListener class [org.springframework.test.context.web.ServletTestExecutionListener]. Specify custom listener classes or make the default listener classes (and their dependencies) available.
Jun 12, 2023 8:04:50 PM org.springframework.test.context.TestContextManager retrieveTestExecutionListeners
INFO: Could not instantiate TestExecutionListener class [org.springframework.test.context.transaction.TransactionalTestExecutionListener]. Specify custom listener classes or make the default listener classes (and their dependencies) available.
Jun 12, 2023 8:04:50 PM org.springframework.context.support.GenericApplicationContext prepareRefresh
INFO: Refreshing org.springframework.context.support.GenericApplicationContext@4a00d9cf: startup date [Mon Jun 12 20:04:50 IST 2023]; root of context hierarchy
Jun 12, 2023 8:04:51 PM org.springframework.beans.factory.annotation.AutowiredAnnotationBeanPostProcessor <init>
INFO: JSR-330 'javax.inject.Inject' annotation found and supported for autowiring
Jun 12, 2023 8:04:51 PM com.denofprogramming.repository.UserRepository read
INFO: Entered UserRepository->read with:User [id=null, name=null, age=0]
Jun 12, 2023 8:04:51 PM com.denofprogramming.repository.UserRepository read
INFO: Exiting UserRepository->read with:User [id=null, name=Jim Sparrow, age=31]
]]></system-err>
</testsuite>
