<?xml version="1.0" encoding="UTF-8"?>
<testsuite name="com.denofprogramming.random.DefaultRandomNumberGeneratorTest" tests="2" skipped="1" failures="0" errors="0" timestamp="2023-06-11T14:22:00" hostname="DESKTOP-PBVI1F4" time="0.005">
  <properties/>
  <testcase name="testName" classname="com.denofprogramming.random.DefaultRandomNumberGeneratorTest" time="0.003"/>
  <testcase name="testRandomGenerator" classname="com.denofprogramming.random.DefaultRandomNumberGeneratorTest" time="0.0">
    <skipped/>
  </testcase>
  <system-out><![CDATA[]]></system-out>
  <system-err><![CDATA[]]></system-err>
</testsuite>
